{"/home/rodrigo/Documents/NodeJS/CursoNovatec2017/curso-nodejs-sexta/server/app.js":{"path":"/home/rodrigo/Documents/NodeJS/CursoNovatec2017/curso-nodejs-sexta/server/app.js","s":{"1":1,"2":1,"3":1,"4":1,"5":1,"6":1,"7":1,"8":1,"9":1,"10":1,"11":1,"12":1,"13":1,"14":1,"15":4,"16":4,"17":1,"18":1,"19":1,"20":1,"21":1,"22":1,"23":1,"24":1},"b":{"1":[1,0],"2":[1,0]},"f":{"1":4,"2":1,"3":1},"fnMap":{"1":{"name":"(anonymous_1)","line":31,"loc":{"start":{"line":31,"column":8},"end":{"line":31,"column":42}}},"2":{"name":"(anonymous_2)","line":42,"loc":{"start":{"line":42,"column":8},"end":{"line":42,"column":42}}},"3":{"name":"(anonymous_3)","line":48,"loc":{"start":{"line":48,"column":8},"end":{"line":48,"column":47}}}},"statementMap":{"1":{"start":{"line":4,"column":0},"end":{"line":4,"column":35}},"2":{"start":{"line":6,"column":0},"end":{"line":6,"column":22}},"3":{"start":{"line":7,"column":0},"end":{"line":7,"column":42}},"4":{"start":{"line":8,"column":0},"end":{"line":8,"column":51}},"5":{"start":{"line":9,"column":0},"end":{"line":9,"column":37}},"6":{"start":{"line":11,"column":0},"end":{"line":11,"column":31}},"7":{"start":{"line":13,"column":0},"end":{"line":17,"column":3}},"8":{"start":{"line":20,"column":0},"end":{"line":20,"column":59}},"9":{"start":{"line":21,"column":0},"end":{"line":21,"column":46}},"10":{"start":{"line":23,"column":0},"end":{"line":23,"column":22}},"11":{"start":{"line":24,"column":0},"end":{"line":24,"column":21}},"12":{"start":{"line":27,"column":0},"end":{"line":27,"column":27}},"13":{"start":{"line":28,"column":0},"end":{"line":28,"column":51}},"14":{"start":{"line":31,"column":0},"end":{"line":34,"column":3}},"15":{"start":{"line":32,"column":2},"end":{"line":32,"column":48}},"16":{"start":{"line":33,"column":2},"end":{"line":33,"column":9}},"17":{"start":{"line":38,"column":0},"end":{"line":38,"column":32}},"18":{"start":{"line":42,"column":0},"end":{"line":46,"column":3}},"19":{"start":{"line":43,"column":2},"end":{"line":43,"column":36}},"20":{"start":{"line":44,"column":2},"end":{"line":44,"column":19}},"21":{"start":{"line":45,"column":2},"end":{"line":45,"column":12}},"22":{"start":{"line":48,"column":0},"end":{"line":53,"column":3}},"23":{"start":{"line":52,"column":2},"end":{"line":52,"column":68}},"24":{"start":{"line":55,"column":0},"end":{"line":55,"column":21}}},"branchMap":{"1":{"line":52,"type":"binary-expr","locations":[{"start":{"line":52,"column":18},"end":{"line":52,"column":28}},{"start":{"line":52,"column":32},"end":{"line":52,"column":35}}]},"2":{"line":52,"type":"binary-expr","locations":[{"start":{"line":52,"column":42},"end":{"line":52,"column":53}},{"start":{"line":52,"column":57},"end":{"line":52,"column":67}}]}}},"/home/rodrigo/Documents/NodeJS/CursoNovatec2017/curso-nodejs-sexta/server/route/index.js":{"path":"/home/rodrigo/Documents/NodeJS/CursoNovatec2017/curso-nodejs-sexta/server/route/index.js","s":{"1":1,"2":1,"3":1,"4":1,"5":1,"6":1},"b":{},"f":{},"fnMap":{},"statementMap":{"1":{"start":{"line":5,"column":0},"end":{"line":5,"column":43}},"2":{"start":{"line":6,"column":0},"end":{"line":6,"column":62}},"3":{"start":{"line":9,"column":0},"end":{"line":9,"column":37}},"4":{"start":{"line":12,"column":0},"end":{"line":12,"column":40}},"5":{"start":{"line":14,"column":0},"end":{"line":14,"column":37}},"6":{"start":{"line":16,"column":0},"end":{"line":16,"column":24}}},"branchMap":{}},"/home/rodrigo/Documents/NodeJS/CursoNovatec2017/curso-nodejs-sexta/server/controller/MainController.js":{"path":"/home/rodrigo/Documents/NodeJS/CursoNovatec2017/curso-nodejs-sexta/server/controller/MainController.js","s":{"1":1,"2":1,"3":0,"4":1},"b":{},"f":{"1":1,"2":0},"fnMap":{"1":{"name":"(anonymous_1)","line":6,"loc":{"start":{"line":6,"column":8},"end":{"line":6,"column":42}}},"2":{"name":"(anonymous_2)","line":11,"loc":{"start":{"line":11,"column":10},"end":{"line":11,"column":44}}}},"statementMap":{"1":{"start":{"line":4,"column":0},"end":{"line":15,"column":2}},"2":{"start":{"line":7,"column":4},"end":{"line":7,"column":69}},"3":{"start":{"line":12,"column":4},"end":{"line":12,"column":40}},"4":{"start":{"line":17,"column":0},"end":{"line":17,"column":32}}},"branchMap":{}},"/home/rodrigo/Documents/NodeJS/CursoNovatec2017/curso-nodejs-sexta/server/route/api.js":{"path":"/home/rodrigo/Documents/NodeJS/CursoNovatec2017/curso-nodejs-sexta/server/route/api.js","s":{"1":1,"2":1,"3":1,"4":0,"5":0,"6":0,"7":0,"8":0,"9":0,"10":1,"11":1,"12":1,"13":1,"14":1,"15":1},"b":{"1":[0,0]},"f":{"1":0},"fnMap":{"1":{"name":"validatedId","line":9,"loc":{"start":{"line":9,"column":0},"end":{"line":9,"column":46}}}},"statementMap":{"1":{"start":{"line":5,"column":0},"end":{"line":5,"column":43}},"2":{"start":{"line":6,"column":0},"end":{"line":6,"column":69}},"3":{"start":{"line":9,"column":0},"end":{"line":17,"column":1}},"4":{"start":{"line":10,"column":2},"end":{"line":10,"column":29}},"5":{"start":{"line":11,"column":2},"end":{"line":13,"column":3}},"6":{"start":{"line":12,"column":4},"end":{"line":12,"column":18}},"7":{"start":{"line":14,"column":2},"end":{"line":14,"column":36}},"8":{"start":{"line":15,"column":2},"end":{"line":15,"column":19}},"9":{"start":{"line":16,"column":2},"end":{"line":16,"column":12}},"10":{"start":{"line":19,"column":0},"end":{"line":19,"column":48}},"11":{"start":{"line":20,"column":0},"end":{"line":20,"column":65}},"12":{"start":{"line":21,"column":0},"end":{"line":21,"column":51}},"13":{"start":{"line":22,"column":0},"end":{"line":22,"column":67}},"14":{"start":{"line":23,"column":0},"end":{"line":23,"column":70}},"15":{"start":{"line":25,"column":0},"end":{"line":25,"column":24}}},"branchMap":{"1":{"line":11,"type":"if","locations":[{"start":{"line":11,"column":2},"end":{"line":11,"column":2}},{"start":{"line":11,"column":2},"end":{"line":11,"column":2}}]}}},"/home/rodrigo/Documents/NodeJS/CursoNovatec2017/curso-nodejs-sexta/server/controller/ProductController.js":{"path":"/home/rodrigo/Documents/NodeJS/CursoNovatec2017/curso-nodejs-sexta/server/controller/ProductController.js","s":{"1":1,"2":1,"3":1,"4":1,"5":1,"6":1,"7":0,"8":1,"9":1,"10":0,"11":0,"12":0,"13":1,"14":1,"15":1,"16":0,"17":0,"18":0,"19":0,"20":0,"21":0,"22":0,"23":0,"24":0,"25":0,"26":0,"27":0,"28":0,"29":1},"b":{"1":[0,1],"2":[0,0],"3":[0,0],"4":[0,0]},"f":{"1":1,"2":0,"3":1,"4":0,"5":0},"fnMap":{"1":{"name":"(anonymous_1)","line":15,"loc":{"start":{"line":15,"column":8},"end":{"line":15,"column":42}}},"2":{"name":"(anonymous_2)","line":26,"loc":{"start":{"line":26,"column":8},"end":{"line":26,"column":42}}},"3":{"name":"(anonymous_3)","line":37,"loc":{"start":{"line":37,"column":10},"end":{"line":37,"column":44}}},"4":{"name":"(anonymous_4)","line":53,"loc":{"start":{"line":53,"column":10},"end":{"line":53,"column":44}}},"5":{"name":"(anonymous_5)","line":64,"loc":{"start":{"line":64,"column":10},"end":{"line":64,"column":44}}}},"statementMap":{"1":{"start":{"line":5,"column":0},"end":{"line":5,"column":37}},"2":{"start":{"line":8,"column":0},"end":{"line":8,"column":85}},"3":{"start":{"line":10,"column":0},"end":{"line":10,"column":59}},"4":{"start":{"line":12,"column":0},"end":{"line":78,"column":2}},"5":{"start":{"line":16,"column":4},"end":{"line":16,"column":19}},"6":{"start":{"line":17,"column":4},"end":{"line":19,"column":5}},"7":{"start":{"line":18,"column":6},"end":{"line":18,"column":55}},"8":{"start":{"line":20,"column":4},"end":{"line":22,"column":19}},"9":{"start":{"line":21,"column":20},"end":{"line":21,"column":39}},"10":{"start":{"line":27,"column":4},"end":{"line":27,"column":31}},"11":{"start":{"line":28,"column":4},"end":{"line":32,"column":19}},"12":{"start":{"line":30,"column":8},"end":{"line":30,"column":28}},"13":{"start":{"line":38,"column":4},"end":{"line":38,"column":28}},"14":{"start":{"line":39,"column":4},"end":{"line":41,"column":19}},"15":{"start":{"line":40,"column":20},"end":{"line":40,"column":51}},"16":{"start":{"line":54,"column":4},"end":{"line":54,"column":31}},"17":{"start":{"line":55,"column":4},"end":{"line":55,"column":28}},"18":{"start":{"line":57,"column":4},"end":{"line":62,"column":6}},"19":{"start":{"line":58,"column":6},"end":{"line":60,"column":7}},"20":{"start":{"line":59,"column":8},"end":{"line":59,"column":25}},"21":{"start":{"line":61,"column":6},"end":{"line":61,"column":26}},"22":{"start":{"line":65,"column":4},"end":{"line":65,"column":31}},"23":{"start":{"line":66,"column":4},"end":{"line":76,"column":6}},"24":{"start":{"line":67,"column":6},"end":{"line":69,"column":7}},"25":{"start":{"line":68,"column":8},"end":{"line":68,"column":25}},"26":{"start":{"line":70,"column":6},"end":{"line":74,"column":7}},"27":{"start":{"line":71,"column":8},"end":{"line":71,"column":33}},"28":{"start":{"line":73,"column":8},"end":{"line":73,"column":33}},"29":{"start":{"line":80,"column":0},"end":{"line":80,"column":35}}},"branchMap":{"1":{"line":17,"type":"if","locations":[{"start":{"line":17,"column":4},"end":{"line":17,"column":4}},{"start":{"line":17,"column":4},"end":{"line":17,"column":4}}]},"2":{"line":58,"type":"if","locations":[{"start":{"line":58,"column":6},"end":{"line":58,"column":6}},{"start":{"line":58,"column":6},"end":{"line":58,"column":6}}]},"3":{"line":67,"type":"if","locations":[{"start":{"line":67,"column":6},"end":{"line":67,"column":6}},{"start":{"line":67,"column":6},"end":{"line":67,"column":6}}]},"4":{"line":70,"type":"if","locations":[{"start":{"line":70,"column":6},"end":{"line":70,"column":6}},{"start":{"line":70,"column":6},"end":{"line":70,"column":6}}]}}},"/home/rodrigo/Documents/NodeJS/CursoNovatec2017/curso-nodejs-sexta/server/repository/ProductRepository.js":{"path":"/home/rodrigo/Documents/NodeJS/CursoNovatec2017/curso-nodejs-sexta/server/repository/ProductRepository.js","s":{"1":1,"2":1,"3":1,"4":0,"5":0,"6":0,"7":1,"8":0,"9":0,"10":0,"11":0,"12":0,"13":0,"14":1},"b":{"1":[0,0],"2":[0,0],"3":[0,0]},"f":{"1":0,"2":1},"fnMap":{"1":{"name":"(anonymous_1)","line":13,"loc":{"start":{"line":13,"column":11},"end":{"line":13,"column":37}}},"2":{"name":"(anonymous_2)","line":20,"loc":{"start":{"line":20,"column":8},"end":{"line":20,"column":25}}}},"statementMap":{"1":{"start":{"line":4,"column":0},"end":{"line":4,"column":38}},"2":{"start":{"line":7,"column":0},"end":{"line":35,"column":2}},"3":{"start":{"line":11,"column":4},"end":{"line":11,"column":52}},"4":{"start":{"line":14,"column":4},"end":{"line":16,"column":5}},"5":{"start":{"line":15,"column":6},"end":{"line":15,"column":41}},"6":{"start":{"line":18,"column":4},"end":{"line":18,"column":55}},"7":{"start":{"line":21,"column":4},"end":{"line":21,"column":53}},"8":{"start":{"line":24,"column":4},"end":{"line":26,"column":5}},"9":{"start":{"line":25,"column":6},"end":{"line":25,"column":41}},"10":{"start":{"line":27,"column":4},"end":{"line":27,"column":70}},"11":{"start":{"line":30,"column":4},"end":{"line":32,"column":5}},"12":{"start":{"line":31,"column":6},"end":{"line":31,"column":41}},"13":{"start":{"line":33,"column":4},"end":{"line":33,"column":54}},"14":{"start":{"line":37,"column":0},"end":{"line":37,"column":35}}},"branchMap":{"1":{"line":14,"type":"if","locations":[{"start":{"line":14,"column":4},"end":{"line":14,"column":4}},{"start":{"line":14,"column":4},"end":{"line":14,"column":4}}]},"2":{"line":24,"type":"if","locations":[{"start":{"line":24,"column":4},"end":{"line":24,"column":4}},{"start":{"line":24,"column":4},"end":{"line":24,"column":4}}]},"3":{"line":30,"type":"if","locations":[{"start":{"line":30,"column":4},"end":{"line":30,"column":4}},{"start":{"line":30,"column":4},"end":{"line":30,"column":4}}]}}},"/home/rodrigo/Documents/NodeJS/CursoNovatec2017/curso-nodejs-sexta/server/config/mongo.js":{"path":"/home/rodrigo/Documents/NodeJS/CursoNovatec2017/curso-nodejs-sexta/server/config/mongo.js","s":{"1":1,"2":1,"3":1,"4":1,"5":1},"b":{"1":[1,0]},"f":{},"fnMap":{},"statementMap":{"1":{"start":{"line":4,"column":0},"end":{"line":4,"column":53}},"2":{"start":{"line":5,"column":0},"end":{"line":5,"column":35}},"3":{"start":{"line":7,"column":0},"end":{"line":7,"column":82}},"4":{"start":{"line":9,"column":0},"end":{"line":9,"column":53}},"5":{"start":{"line":11,"column":0},"end":{"line":11,"column":20}}},"branchMap":{"1":{"line":7,"type":"cond-expr","locations":[{"start":{"line":7,"column":48},"end":{"line":7,"column":66}},{"start":{"line":7,"column":69},"end":{"line":7,"column":82}}]}}}}