TN:
SF:/home/rodrigo/Documents/NodeJS/CursoNovatec2017/curso-nodejs-sexta/server/app.js
FN:31,(anonymous_1)
FN:42,(anonymous_2)
FN:48,(anonymous_3)
FNF:3
FNH:3
FNDA:4,(anonymous_1)
FNDA:1,(anonymous_2)
FNDA:1,(anonymous_3)
DA:4,1
DA:6,1
DA:7,1
DA:8,1
DA:9,1
DA:11,1
DA:13,1
DA:20,1
DA:21,1
DA:23,1
DA:24,1
DA:27,1
DA:28,1
DA:31,1
DA:32,4
DA:33,4
DA:38,1
DA:42,1
DA:43,1
DA:44,1
DA:45,1
DA:48,1
DA:52,1
DA:55,1
LF:24
LH:24
BRDA:52,1,0,1
BRDA:52,1,1,0
BRDA:52,2,0,1
BRDA:52,2,1,0
BRF:4
BRH:2
end_of_record
TN:
SF:/home/rodrigo/Documents/NodeJS/CursoNovatec2017/curso-nodejs-sexta/server/route/index.js
FNF:0
FNH:0
DA:5,1
DA:6,1
DA:9,1
DA:12,1
DA:14,1
DA:16,1
LF:6
LH:6
BRF:0
BRH:0
end_of_record
TN:
SF:/home/rodrigo/Documents/NodeJS/CursoNovatec2017/curso-nodejs-sexta/server/controller/MainController.js
FN:6,(anonymous_1)
FN:11,(anonymous_2)
FNF:2
FNH:1
FNDA:1,(anonymous_1)
FNDA:0,(anonymous_2)
DA:4,1
DA:7,1
DA:12,0
DA:17,1
LF:4
LH:3
BRF:0
BRH:0
end_of_record
TN:
SF:/home/rodrigo/Documents/NodeJS/CursoNovatec2017/curso-nodejs-sexta/server/route/api.js
FN:9,validatedId
FNF:1
FNH:0
FNDA:0,validatedId
DA:5,1
DA:6,1
DA:9,1
DA:10,0
DA:11,0
DA:12,0
DA:14,0
DA:15,0
DA:16,0
DA:19,1
DA:20,1
DA:21,1
DA:22,1
DA:23,1
DA:25,1
LF:15
LH:9
BRDA:11,1,0,0
BRDA:11,1,1,0
BRF:2
BRH:0
end_of_record
TN:
SF:/home/rodrigo/Documents/NodeJS/CursoNovatec2017/curso-nodejs-sexta/server/controller/ProductController.js
FN:15,(anonymous_1)
FN:26,(anonymous_2)
FN:37,(anonymous_3)
FN:53,(anonymous_4)
FN:64,(anonymous_5)
FNF:5
FNH:2
FNDA:1,(anonymous_1)
FNDA:0,(anonymous_2)
FNDA:1,(anonymous_3)
FNDA:0,(anonymous_4)
FNDA:0,(anonymous_5)
DA:5,1
DA:8,1
DA:10,1
DA:12,1
DA:16,1
DA:17,1
DA:18,0
DA:20,1
DA:21,1
DA:27,0
DA:28,0
DA:30,0
DA:38,1
DA:39,1
DA:40,1
DA:54,0
DA:55,0
DA:57,0
DA:58,0
DA:59,0
DA:61,0
DA:65,0
DA:66,0
DA:67,0
DA:68,0
DA:70,0
DA:71,0
DA:73,0
DA:80,1
LF:29
LH:12
BRDA:17,1,0,0
BRDA:17,1,1,1
BRDA:58,2,0,0
BRDA:58,2,1,0
BRDA:67,3,0,0
BRDA:67,3,1,0
BRDA:70,4,0,0
BRDA:70,4,1,0
BRF:8
BRH:1
end_of_record
TN:
SF:/home/rodrigo/Documents/NodeJS/CursoNovatec2017/curso-nodejs-sexta/server/repository/ProductRepository.js
FN:13,(anonymous_1)
FN:20,(anonymous_2)
FNF:2
FNH:1
FNDA:0,(anonymous_1)
FNDA:1,(anonymous_2)
DA:4,1
DA:7,1
DA:11,1
DA:14,0
DA:15,0
DA:18,0
DA:21,1
DA:24,0
DA:25,0
DA:27,0
DA:30,0
DA:31,0
DA:33,0
DA:37,1
LF:14
LH:5
BRDA:14,1,0,0
BRDA:14,1,1,0
BRDA:24,2,0,0
BRDA:24,2,1,0
BRDA:30,3,0,0
BRDA:30,3,1,0
BRF:6
BRH:0
end_of_record
TN:
SF:/home/rodrigo/Documents/NodeJS/CursoNovatec2017/curso-nodejs-sexta/server/config/mongo.js
FNF:0
FNH:0
DA:4,1
DA:5,1
DA:7,1
DA:9,1
DA:11,1
LF:5
LH:5
BRDA:7,1,0,1
BRDA:7,1,1,0
BRF:2
BRH:1
end_of_record
